#
# There is insufficient memory for the Java Runtime Environment to continue.
# Native memory allocation (malloc) failed to allocate 2538720 bytes for Chunk::new
# Possible reasons:
#   The system is out of physical RAM or swap space
#   In 32 bit mode, the process size limit was hit
# Possible solutions:
#   Reduce memory load on the system
#   Increase physical memory or swap space
#   Check if swap backing store is full
#   Use 64 bit Java on a 64 bit OS
#   Decrease Java heap size (-Xmx/-Xms)
#   Decrease number of Java threads
#   Decrease Java thread stack sizes (-Xss)
#   Set larger code cache with -XX:ReservedCodeCacheSize=
# This output file may be truncated or incomplete.
#
#  Out of Memory Error (allocation.cpp:323), pid=12788, tid=4112
#
# JRE version: Java(TM) SE Runtime Environment (7.0_67-b01) (build 1.7.0_67-b01)
# Java VM: Java HotSpot(TM) 64-Bit Server VM (24.65-b04 mixed mode windows-amd64 compressed oops)
# Failed to write core dump. Minidumps are not enabled by default on client versions of Windows
#

---------------  T H R E A D  ---------------

Current thread (0x000000000b144800):  JavaThread "C2 CompilerThread0" daemon [_thread_in_native, id=4112, stack(0x000000000c6b0000,0x000000000c7b0000)]

Stack: [0x000000000c6b0000,0x000000000c7b0000]

Current CompileTask:
C2:  34410  884             org.objectweb.asm.ClassReader::accept (5641 bytes)


---------------  P R O C E S S  ---------------

Java Threads: ( => current thread )
  0x000000000b158000 JavaThread "Service Thread" daemon [_thread_blocked, id=5324, stack(0x000000000c8b0000,0x000000000c9b0000)]
  0x000000000b146800 JavaThread "C2 CompilerThread1" daemon [_thread_blocked, id=14624, stack(0x000000000c7b0000,0x000000000c8b0000)]
=>0x000000000b144800 JavaThread "C2 CompilerThread0" daemon [_thread_in_native, id=4112, stack(0x000000000c6b0000,0x000000000c7b0000)]
  0x000000000b143800 JavaThread "Attach Listener" daemon [_thread_blocked, id=15124, stack(0x000000000c5b0000,0x000000000c6b0000)]
  0x000000000b140800 JavaThread "Signal Dispatcher" daemon [_thread_blocked, id=10384, stack(0x000000000c4b0000,0x000000000c5b0000)]
  0x000000000b10f000 JavaThread "Finalizer" daemon [_thread_blocked, id=12752, stack(0x000000000c3b0000,0x000000000c4b0000)]
  0x000000000b105800 JavaThread "Reference Handler" daemon [_thread_blocked, id=14440, stack(0x000000000c2b0000,0x000000000c3b0000)]
  0x0000000002cae000 JavaThread "main" [_thread_in_Java, id=13660, stack(0x0000000002b70000,0x0000000002c70000)]

Other Threads:
  0x000000000b101800 VMThread [stack: 0x000000000c1b0000,0x000000000c2b0000] [id=1752]
  0x000000000b172800 WatcherThread [stack: 0x000000000c9b0000,0x000000000cab0000] [id=15348]

VM state:not at safepoint (normal execution)

VM Mutex/Monitor currently owned by a thread: None

Heap
 PSYoungGen      total 73728K, used 30396K [0x00000007d5e80000, 0x00000007db580000, 0x0000000800000000)
  eden space 62464K, 48% used [0x00000007d5e80000,0x00000007d7bd5d20,0x00000007d9b80000)
  from space 11264K, 3% used [0x00000007daa80000,0x00000007daad9570,0x00000007db580000)
  to   space 13312K, 0% used [0x00000007d9b80000,0x00000007d9b80000,0x00000007da880000)
 ParOldGen       total 86016K, used 29236K [0x0000000781c00000, 0x0000000787000000, 0x00000007d5e80000)
  object space 86016K, 33% used [0x0000000781c00000,0x000000078388d1b8,0x0000000787000000)
 PSPermGen       total 24576K, used 24317K [0x000000077ca00000, 0x000000077e200000, 0x0000000781c00000)
  object space 24576K, 98% used [0x000000077ca00000,0x000000077e1bf4d0,0x000000077e200000)

Card table byte_map: [0x0000000005f20000,0x0000000006340000] byte_map_base: 0x000000000233b000

Polling page: 0x0000000001140000

Code Cache  [0x0000000002e60000, 0x0000000003190000, 0x0000000005e60000)
 total_blobs=1216 nmethods=862 adapters=306 free_code_cache=46001Kb largest_free_block=47044288

Compilation events (10 events):
Event: 34.307 Thread 0x000000000b146800  920             org.apache.maven.shared.dependency.analyzer.asm.DependencyVisitor::visitLdcInsn (16 bytes)
Event: 34.308 Thread 0x000000000b146800 nmethod 920 0x000000000311b2d0 code [0x000000000311b420, 0x000000000311b4c8]
Event: 34.336 Thread 0x000000000b146800  921             org.apache.maven.shared.dependency.analyzer.asm.DependencyVisitor::visitMethod (27 bytes)
Event: 34.345 Thread 0x000000000b146800 nmethod 921 0x000000000317d750 code [0x000000000317d940, 0x000000000317de40]
Event: 34.348 Thread 0x000000000b146800  922             org.objectweb.asm.ClassReader::a (99 bytes)
Event: 34.368 Thread 0x000000000b146800 nmethod 922 0x0000000003180b50 code [0x0000000003180d80, 0x0000000003181ac8]
Event: 34.398 Thread 0x000000000b146800  924             org.apache.maven.shared.dependency.analyzer.asm.DependencyVisitor::visitCode (1 bytes)
Event: 34.398 Thread 0x000000000b146800 nmethod 924 0x00000000031194d0 code [0x0000000003119600, 0x0000000003119658]
Event: 34.398 Thread 0x000000000b146800  925             org.apache.maven.shared.dependency.analyzer.asm.DependencyVisitor::visitMaxs (1 bytes)
Event: 34.398 Thread 0x000000000b146800 nmethod 925 0x000000000317be10 code [0x000000000317bf40, 0x000000000317bf98]

GC Heap History (10 events):
Event: 24.295 GC heap before
{Heap before GC invocations=12 (full 0):
 PSYoungGen      total 71680K, used 67232K [0x00000007d5e80000, 0x00000007da980000, 0x0000000800000000)
  eden space 66560K, 100% used [0x00000007d5e80000,0x00000007d9f80000,0x00000007d9f80000)
  from space 5120K, 13% used [0x00000007d9f80000,0x00000007da028000,0x00000007da480000)
  to   space 5120K, 0% used [0x00000007da480000,0x00000007da480000,0x00000007da980000)
 ParOldGen       total 86016K, used 27985K [0x0000000781c00000, 0x0000000787000000, 0x00000007d5e80000)
  object space 86016K, 32% used [0x0000000781c00000,0x0000000783754638,0x0000000787000000)
 PSPermGen       total 24064K, used 23920K [0x000000077ca00000, 0x000000077e180000, 0x0000000781c00000)
  object space 24064K, 99% used [0x000000077ca00000,0x000000077e15c138,0x000000077e180000)
Event: 24.297 GC heap after
Heap after GC invocations=12 (full 0):
 PSYoungGen      total 71680K, used 544K [0x00000007d5e80000, 0x00000007da980000, 0x0000000800000000)
  eden space 66560K, 0% used [0x00000007d5e80000,0x00000007d5e80000,0x00000007d9f80000)
  from space 5120K, 10% used [0x00000007da480000,0x00000007da508000,0x00000007da980000)
  to   space 5120K, 0% used [0x00000007d9f80000,0x00000007d9f80000,0x00000007da480000)
 ParOldGen       total 86016K, used 28145K [0x0000000781c00000, 0x0000000787000000, 0x00000007d5e80000)
  object space 86016K, 32% used [0x0000000781c00000,0x000000078377c638,0x0000000787000000)
 PSPermGen       total 24064K, used 23920K [0x000000077ca00000, 0x000000077e180000, 0x0000000781c00000)
  object space 24064K, 99% used [0x000000077ca00000,0x000000077e15c138,0x000000077e180000)
}
Event: 24.657 GC heap before
{Heap before GC invocations=13 (full 0):
 PSYoungGen      total 71680K, used 67104K [0x00000007d5e80000, 0x00000007da980000, 0x0000000800000000)
  eden space 66560K, 100% used [0x00000007d5e80000,0x00000007d9f80000,0x00000007d9f80000)
  from space 5120K, 10% used [0x00000007da480000,0x00000007da508000,0x00000007da980000)
  to   space 5120K, 0% used [0x00000007d9f80000,0x00000007d9f80000,0x00000007da480000)
 ParOldGen       total 86016K, used 28145K [0x0000000781c00000, 0x0000000787000000, 0x00000007d5e80000)
  object space 86016K, 32% used [0x0000000781c00000,0x000000078377c638,0x0000000787000000)
 PSPermGen       total 24064K, used 23946K [0x000000077ca00000, 0x000000077e180000, 0x0000000781c00000)
  object space 24064K, 99% used [0x000000077ca00000,0x000000077e162900,0x000000077e180000)
Event: 24.661 GC heap after
Heap after GC invocations=13 (full 0):
 PSYoungGen      total 71680K, used 1792K [0x00000007d5e80000, 0x00000007da980000, 0x0000000800000000)
  eden space 66560K, 0% used [0x00000007d5e80000,0x00000007d5e80000,0x00000007d9f80000)
  from space 5120K, 35% used [0x00000007d9f80000,0x00000007da140020,0x00000007da480000)
  to   space 5120K, 0% used [0x00000007da480000,0x00000007da480000,0x00000007da980000)
 ParOldGen       total 86016K, used 28305K [0x0000000781c00000, 0x0000000787000000, 0x00000007d5e80000)
  object space 86016K, 32% used [0x0000000781c00000,0x00000007837a4638,0x0000000787000000)
 PSPermGen       total 24064K, used 23946K [0x000000077ca00000, 0x000000077e180000, 0x0000000781c00000)
  object space 24064K, 99% used [0x000000077ca00000,0x000000077e162900,0x000000077e180000)
}
Event: 27.917 GC heap before
{Heap before GC invocations=14 (full 0):
 PSYoungGen      total 71680K, used 68352K [0x00000007d5e80000, 0x00000007da980000, 0x0000000800000000)
  eden space 66560K, 100% used [0x00000007d5e80000,0x00000007d9f80000,0x00000007d9f80000)
  from space 5120K, 35% used [0x00000007d9f80000,0x00000007da140020,0x00000007da480000)
  to   space 5120K, 0% used [0x00000007da480000,0x00000007da480000,0x00000007da980000)
 ParOldGen       total 86016K, used 28305K [0x0000000781c00000, 0x0000000787000000, 0x00000007d5e80000)
  object space 86016K, 32% used [0x0000000781c00000,0x00000007837a4638,0x0000000787000000)
 PSPermGen       total 24576K, used 24069K [0x000000077ca00000, 0x000000077e200000, 0x0000000781c00000)
  object space 24576K, 97% used [0x000000077ca00000,0x000000077e1815a0,0x000000077e200000)
Event: 27.934 GC heap after
Heap after GC invocations=14 (full 0):
 PSYoungGen      total 71680K, used 1306K [0x00000007d5e80000, 0x00000007da980000, 0x0000000800000000)
  eden space 66560K, 0% used [0x00000007d5e80000,0x00000007d5e80000,0x00000007d9f80000)
  from space 5120K, 25% used [0x00000007da480000,0x00000007da5c6b10,0x00000007da980000)
  to   space 5120K, 0% used [0x00000007d9f80000,0x00000007d9f80000,0x00000007da480000)
 ParOldGen       total 86016K, used 28537K [0x0000000781c00000, 0x0000000787000000, 0x00000007d5e80000)
  object space 86016K, 33% used [0x0000000781c00000,0x00000007837de638,0x0000000787000000)
 PSPermGen       total 24576K, used 24069K [0x000000077ca00000, 0x000000077e200000, 0x0000000781c00000)
  object space 24576K, 97% used [0x000000077ca00000,0x000000077e1815a0,0x000000077e200000)
}
Event: 33.786 GC heap before
{Heap before GC invocations=15 (full 0):
 PSYoungGen      total 71680K, used 67866K [0x00000007d5e80000, 0x00000007da980000, 0x0000000800000000)
  eden space 66560K, 100% used [0x00000007d5e80000,0x00000007d9f80000,0x00000007d9f80000)
  from space 5120K, 25% used [0x00000007da480000,0x00000007da5c6b10,0x00000007da980000)
  to   space 5120K, 0% used [0x00000007d9f80000,0x00000007d9f80000,0x00000007da480000)
 ParOldGen       total 86016K, used 28537K [0x0000000781c00000, 0x0000000787000000, 0x00000007d5e80000)
  object space 86016K, 33% used [0x0000000781c00000,0x00000007837de638,0x0000000787000000)
 PSPermGen       total 24576K, used 24303K [0x000000077ca00000, 0x000000077e200000, 0x0000000781c00000)
  object space 24576K, 98% used [0x000000077ca00000,0x000000077e1bbc80,0x000000077e200000)
Event: 33.793 GC heap after
Heap after GC invocations=15 (full 0):
 PSYoungGen      total 69632K, used 1465K [0x00000007d5e80000, 0x00000007db780000, 0x0000000800000000)
  eden space 64512K, 0% used [0x00000007d5e80000,0x00000007d5e80000,0x00000007d9d80000)
  from space 5120K, 28% used [0x00000007d9f80000,0x00000007da0ee420,0x00000007da480000)
  to   space 13312K, 0% used [0x00000007daa80000,0x00000007daa80000,0x00000007db780000)
 ParOldGen       total 86016K, used 28977K [0x0000000781c00000, 0x0000000787000000, 0x00000007d5e80000)
  object space 86016K, 33% used [0x0000000781c00000,0x000000078384c638,0x0000000787000000)
 PSPermGen       total 24576K, used 24303K [0x000000077ca00000, 0x000000077e200000, 0x0000000781c00000)
  object space 24576K, 98% used [0x000000077ca00000,0x000000077e1bbc80,0x000000077e200000)
}
Event: 34.224 GC heap before
{Heap before GC invocations=16 (full 0):
 PSYoungGen      total 69632K, used 65977K [0x00000007d5e80000, 0x00000007db780000, 0x0000000800000000)
  eden space 64512K, 100% used [0x00000007d5e80000,0x00000007d9d80000,0x00000007d9d80000)
  from space 5120K, 28% used [0x00000007d9f80000,0x00000007da0ee420,0x00000007da480000)
  to   space 13312K, 0% used [0x00000007daa80000,0x00000007daa80000,0x00000007db780000)
 ParOldGen       total 86016K, used 28977K [0x0000000781c00000, 0x0000000787000000, 0x00000007d5e80000)
  object space 86016K, 33% used [0x0000000781c00000,0x000000078384c638,0x0000000787000000)
 PSPermGen       total 24576K, used 24315K [0x000000077ca00000, 0x000000077e200000, 0x0000000781c00000)
  object space 24576K, 98% used [0x000000077ca00000,0x000000077e1bec88,0x000000077e200000)
Event: 34.228 GC heap after
Heap after GC invocations=16 (full 0):
 PSYoungGen      total 73728K, used 357K [0x00000007d5e80000, 0x00000007db580000, 0x0000000800000000)
  eden space 62464K, 0% used [0x00000007d5e80000,0x00000007d5e80000,0x00000007d9b80000)
  from space 11264K, 3% used [0x00000007daa80000,0x00000007daad9570,0x00000007db580000)
  to   space 13312K, 0% used [0x00000007d9b80000,0x00000007d9b80000,0x00000007da880000)
 ParOldGen       total 86016K, used 29236K [0x0000000781c00000, 0x0000000787000000, 0x00000007d5e80000)
  object space 86016K, 33% used [0x0000000781c00000,0x000000078388d1b8,0x0000000787000000)
 PSPermGen       total 24576K, used 24315K [0x000000077ca00000, 0x000000077e200000, 0x0000000781c00000)
  object space 24576K, 98% used [0x000000077ca00000,0x000000077e1bec88,0x000000077e200000)
}

Deoptimization events (10 events):
Event: 21.997 Thread 0x0000000002cae000 Uncommon trap: reason=null_check action=make_not_entrant pc=0x0000000003085af8 method=org.codehaus.plexus.util.xml.Xpp3Dom.mergeIntoXpp3Dom(Lorg/codehaus/plexus/util/xml/Xpp3Dom;Lorg/codehaus/plexus/util/xml/Xpp3Dom;Ljava/lang/Boolean;)V @ 146
Event: 22.742 Thread 0x0000000002cae000 Uncommon trap: reason=unreached action=reinterpret pc=0x0000000002ff1d7c method=org.apache.maven.model.ConfigurationContainer.getLocation(Ljava/lang/Object;)Lorg/apache/maven/model/InputLocation; @ 4
Event: 22.748 Thread 0x0000000002cae000 Uncommon trap: reason=unreached action=reinterpret pc=0x0000000002ff099c method=org.apache.maven.model.ConfigurationContainer.getLocation(Ljava/lang/Object;)Lorg/apache/maven/model/InputLocation; @ 4
Event: 24.560 Thread 0x0000000002cae000 Uncommon trap: reason=null_check action=make_not_entrant pc=0x000000000311be64 method=org.apache.maven.model.validation.DefaultModelValidator.validateEffectiveDependency(Lorg/apache/maven/model/building/ModelProblemCollector;Lorg/apache/maven/model/Depende
Event: 24.925 Thread 0x0000000002cae000 Uncommon trap: reason=unreached action=reinterpret pc=0x0000000002fc76e4 method=org.apache.maven.model.BuildBase.clone()Lorg/apache/maven/model/BuildBase; @ 140
Event: 24.992 Thread 0x0000000002cae000 Uncommon trap: reason=unreached action=reinterpret pc=0x000000000300a95c method=org.apache.maven.artifact.DefaultArtifact.selectVersionFromNewRangeIfAvailable()V @ 14
Event: 24.992 Thread 0x0000000002cae000 Uncommon trap: reason=unreached action=reinterpret pc=0x000000000300a064 method=org.apache.maven.artifact.DefaultArtifact.validateIdentity()V @ 107
Event: 24.992 Thread 0x0000000002cae000 Uncommon trap: reason=unreached action=reinterpret pc=0x0000000003009388 method=org.apache.maven.artifact.DefaultArtifact.selectVersionFromNewRangeIfAvailable()V @ 14
Event: 26.679 Thread 0x0000000002cae000 Uncommon trap: reason=class_check action=maybe_recompile pc=0x0000000002f0cf10 method=java.util.concurrent.ConcurrentHashMap$Segment.put(Ljava/lang/Object;ILjava/lang/Object;Z)Ljava/lang/Object; @ 77
Event: 28.132 Thread 0x0000000002cae000 Uncommon trap: reason=null_check action=make_not_entrant pc=0x00000000031276e0 method=org.apache.maven.bridge.MavenRepositorySystem.XcreateArtifact(Ljava/lang/String;Ljava/lang/String;Lorg/apache/maven/artifact/versioning/VersionRange;Ljava/lang/String;LjaÂ®3tEÿ5@

Internal exceptions (10 events):
Event: 33.718 Thread 0x0000000002cae000 Threw 0x00000007d9bf42c0 at C:\re\jdk7u67\1368\hotspot\src\share\vm\prims\jvm.cpp:1244
Event: 33.718 Thread 0x0000000002cae000 Threw 0x00000007d9bf74b8 at C:\re\jdk7u67\1368\hotspot\src\share\vm\prims\jvm.cpp:1244
Event: 33.719 Thread 0x0000000002cae000 Threw 0x00000007d9bfacd0 at C:\re\jdk7u67\1368\hotspot\src\share\vm\prims\jvm.cpp:1244
Event: 33.719 Thread 0x0000000002cae000 Threw 0x00000007d9bfda20 at C:\re\jdk7u67\1368\hotspot\src\share\vm\prims\jvm.cpp:1244
Event: 33.721 Thread 0x0000000002cae000 Threw 0x00000007d9c01628 at C:\re\jdk7u67\1368\hotspot\src\share\vm\prims\jvm.cpp:1244
Event: 33.721 Thread 0x0000000002cae000 Threw 0x00000007d9c054b0 at C:\re\jdk7u67\1368\hotspot\src\share\vm\prims\jvm.cpp:1244
Event: 33.722 Thread 0x0000000002cae000 Threw 0x00000007d9c0bbf8 at C:\re\jdk7u67\1368\hotspot\src\share\vm\prims\jvm.cpp:1244
Event: 33.724 Thread 0x0000000002cae000 Threw 0x00000007d9c1dfb0 at C:\re\jdk7u67\1368\hotspot\src\share\vm\prims\jvm.cpp:1244
Event: 33.724 Thread 0x0000000002cae000 Threw 0x00000007d9c21c78 at C:\re\jdk7u67\1368\hotspot\src\share\vm\prims\jvm.cpp:1244
Event: 33.728 Thread 0x0000000002cae000 Threw 0x00000007d9c49068 at C:\re\jdk7u67\1368\hotspot\src\share\vm\prims\jvm.cpp:1244

Events (10 events):
Event: 33.728 loading class 0x000000000cf98290
Event: 33.728 loading class 0x000000000cf98290 done
Event: 33.728 loading class 0x000000000cf98290
Event: 33.728 loading class 0x000000000cf98290 done
Event: 33.786 Executing VM operation: ParallelGCFailedAllocation
Event: 33.793 Executing VM operation: ParallelGCFailedAllocation done
Event: 33.881 Thread 0x000000000b146800 flushing nmethod 0x00000000031194d0
Event: 34.224 Executing VM operation: ParallelGCFailedAllocation
Event: 34.228 Executing VM operation: ParallelGCFailedAllocation done
Event: 34.398 Thread 0x000000000b146800 flushing nmethod 0x0000000002fc6d10


Dynamic libraries:
0x00007ff6e7700000 - 0x00007ff6e7733000 	c:\Program Files\Java\jdk1.7.0_67\bin\java.exe
0x00007ffc597c0000 - 0x00007ffc5996c000 	C:\Windows\SYSTEM32\ntdll.dll
0x00007ffc57800000 - 0x00007ffc5793e000 	C:\Windows\system32\KERNEL32.DLL
0x00007ffc56a50000 - 0x00007ffc56b65000 	C:\Windows\system32\KERNELBASE.dll
0x00007ffc554c0000 - 0x00007ffc5554e000 	C:\Windows\system32\apphelp.dll
0x00000000728d0000 - 0x00000000728fa000 	C:\Windows\AppPatch\AppPatch64\EMET64.dll
0x00007ffc57300000 - 0x00007ffc573aa000 	C:\Windows\system32\msvcrt.dll
0x00007ffc554a0000 - 0x00007ffc554b2000 	C:\Windows\SYSTEM32\WTSAPI32.dll
0x00007ffc49110000 - 0x00007ffc49163000 	C:\Windows\AppPatch\AppPatch64\AcGenral.DLL
0x00007ffc56750000 - 0x00007ffc5677e000 	C:\Windows\SYSTEM32\SspiCli.dll
0x00007ffc57af0000 - 0x00007ffc57b44000 	C:\Windows\system32\SHLWAPI.dll
0x00007ffc57b50000 - 0x00007ffc57cc7000 	C:\Windows\system32\USER32.dll
0x00007ffc56f60000 - 0x00007ffc570f4000 	C:\Windows\system32\ole32.dll
0x00007ffc58080000 - 0x00007ffc59599000 	C:\Windows\system32\SHELL32.dll
0x00007ffc56180000 - 0x00007ffc561a1000 	C:\Windows\SYSTEM32\USERENV.dll
0x00007ffc57f10000 - 0x00007ffc57fba000 	C:\Windows\system32\ADVAPI32.dll
0x00007ffc51310000 - 0x00007ffc5132e000 	C:\Windows\SYSTEM32\MPR.dll
0x00007ffc57100000 - 0x00007ffc57241000 	C:\Windows\system32\RPCRT4.dll
0x00007ffc577a0000 - 0x00007ffc577f9000 	C:\Windows\SYSTEM32\sechost.dll
0x00007ffc595a0000 - 0x00007ffc597b1000 	C:\Windows\SYSTEM32\combase.dll
0x00007ffc579a0000 - 0x00007ffc57aef000 	C:\Windows\system32\GDI32.dll
0x00007ffc56920000 - 0x00007ffc56935000 	C:\Windows\SYSTEM32\profapi.dll
0x00007ffc55120000 - 0x00007ffc551d2000 	C:\Windows\SYSTEM32\SHCORE.dll
0x00007ffc572c0000 - 0x00007ffc572f6000 	C:\Windows\system32\IMM32.DLL
0x00007ffc57570000 - 0x00007ffc576c2000 	C:\Windows\system32\MSCTF.dll
0x00007ffc54560000 - 0x00007ffc547da000 	C:\Windows\WinSxS\amd64_microsoft.windows.common-controls_6595b64144ccf1df_6.0.9600.17810_none_6240b9c7ecbd0bda\COMCTL32.dll
0x00000000727f0000 - 0x00000000728c2000 	c:\Program Files\Java\jdk1.7.0_67\jre\bin\msvcr100.dll
0x0000000072010000 - 0x00000000727e2000 	c:\Program Files\Java\jdk1.7.0_67\jre\bin\server\jvm.dll
0x00007ffc517f0000 - 0x00007ffc517f9000 	C:\Windows\SYSTEM32\WSOCK32.dll
0x00007ffc53450000 - 0x00007ffc53472000 	C:\Windows\SYSTEM32\WINMM.dll
0x00007ffc56e50000 - 0x00007ffc56e57000 	C:\Windows\system32\PSAPI.DLL
0x00007ffc57eb0000 - 0x00007ffc57f0a000 	C:\Windows\system32\WS2_32.dll
0x00007ffc53410000 - 0x00007ffc5343a000 	C:\Windows\SYSTEM32\WINMMBASE.dll
0x00007ffc576d0000 - 0x00007ffc576d9000 	C:\Windows\system32\NSI.dll
0x00007ffc56e00000 - 0x00007ffc56e4f000 	C:\Windows\SYSTEM32\cfgmgr32.dll
0x00007ffc55730000 - 0x00007ffc55758000 	C:\Windows\SYSTEM32\DEVOBJ.dll
0x0000000071fc0000 - 0x0000000071fcf000 	c:\Program Files\Java\jdk1.7.0_67\jre\bin\verify.dll
0x0000000071f90000 - 0x0000000071fb8000 	c:\Program Files\Java\jdk1.7.0_67\jre\bin\java.dll
0x0000000071f70000 - 0x0000000071f85000 	c:\Program Files\Java\jdk1.7.0_67\jre\bin\zip.dll
0x0000000071f50000 - 0x0000000071f69000 	C:\Program Files\Java\jdk1.7.0_67\jre\bin\net.dll
0x00007ffc56100000 - 0x00007ffc56159000 	C:\Windows\system32\mswsock.dll
0x0000000071f30000 - 0x0000000071f41000 	C:\Program Files\Java\jdk1.7.0_67\jre\bin\nio.dll
0x0000000071cb0000 - 0x0000000071cd4000 	C:\Program Files\Java\jdk1.7.0_67\jre\bin\sunec.dll
0x0000000071ca0000 - 0x0000000071cab000 	C:\Program Files\Java\jdk1.7.0_67\jre\bin\sunmscapi.dll
0x00007ffc56c20000 - 0x00007ffc56dff000 	C:\Windows\system32\CRYPT32.dll
0x00007ffc569d0000 - 0x00007ffc569e1000 	C:\Windows\system32\MSASN1.dll
0x00007ffc56160000 - 0x00007ffc56180000 	C:\Windows\SYSTEM32\CRYPTSP.dll
0x00007ffc55d90000 - 0x00007ffc55dc6000 	C:\Windows\system32\rsaenh.dll
0x00007ffc563e0000 - 0x00007ffc56406000 	C:\Windows\SYSTEM32\bcrypt.dll
0x00007ffc56780000 - 0x00007ffc567e3000 	C:\Windows\system32\bcryptprimitives.dll
0x00007ffc567f0000 - 0x00007ffc567fb000 	C:\Windows\SYSTEM32\CRYPTBASE.dll
0x00007ffc50250000 - 0x00007ffc5027a000 	C:\Windows\SYSTEM32\IPHLPAPI.DLL
0x00007ffc50240000 - 0x00007ffc5024a000 	C:\Windows\SYSTEM32\WINNSI.DLL
0x00007ffc4f770000 - 0x00007ffc4f786000 	C:\Windows\SYSTEM32\dhcpcsvc6.DLL
0x00007ffc4f970000 - 0x00007ffc4f98a000 	C:\Windows\SYSTEM32\dhcpcsvc.DLL
0x00007ffc55ef0000 - 0x00007ffc55f94000 	C:\Windows\SYSTEM32\DNSAPI.dll
0x00007ffc4cff0000 - 0x00007ffc4cffa000 	C:\Windows\System32\rasadhlp.dll
0x00007ffc4f890000 - 0x00007ffc4f8fb000 	C:\Windows\System32\fwpuclnt.dll
0x00007ffc3c5b0000 - 0x00007ffc3c5c5000 	C:\Windows\system32\napinsp.dll
0x00007ffc3c5d0000 - 0x00007ffc3c5ea000 	C:\Windows\system32\pnrpnsp.dll
0x00007ffc52430000 - 0x00007ffc5244b000 	C:\Windows\system32\NLAapi.dll
0x00007ffc4b5b0000 - 0x00007ffc4b5bd000 	C:\Windows\System32\winrnr.dll
0x00007ffc3ca70000 - 0x00007ffc3ca84000 	C:\Windows\system32\wshbth.dll

VM Arguments:
jvm_args: -Dclassworlds.conf=c:/apache-maven-3.3.3-bin/apache-maven-3.3.3/bin/m2.conf -Dmaven.home=c:/apache-maven-3.3.3-bin/apache-maven-3.3.3 -Dmaven.multiModuleProjectDirectory=c:/Users/nexu770/Documents/GitHub/tmc-netbeans/maven-wrapper 
java_command: org.codehaus.plexus.classworlds.launcher.Launcher install
Launcher Type: SUN_STANDARD

Environment Variables:
JAVA_HOME=c:/Program Files/Java/jdk1.7.0_67
PATH=c:\Users\nexu770\bin;.;C:\Program Files (x86)\Git\local\bin;C:\Program Files (x86)\Git\mingw\bin;C:\Program Files (x86)\Git\bin;c:\Program Files (x86)\NVIDIA Corporation\PhysX\Common;c:\Program Files (x86)\Intel\iCLS Client\;c:\Program Files\Intel\iCLS Client\;c:\Windows\system32;c:\Windows;c:\Windows\System32\Wbem;c:\Windows\System32\WindowsPowerShell\v1.0\;c:\Program Files\Intel\Intel(R) Management Engine Components\DAL;c:\Program Files\Intel\Intel(R) Management Engine Components\IPT;c:\Program Files (x86)\Intel\Intel(R) Management Engine Components\DAL;c:\Program Files (x86)\Intel\Intel(R) Management Engine Components\IPT;c:\Program Files\Java\jdk1.7.0_67\bin;c:\Users\nexu770\.lein\bin;c:\Program Files\nodejs\;C:\Program Files (x86)\Git\cmd;c:\Program Files (x86)\Heroku\bin;C:\Program Files (x86)\Git\cmd;c:\Program Files (x86)\Skype\Phone\;c:\Users\nexu770\AppData\Roaming\npm;c:\apache-maven-3.3.3-bin\apache-maven-3.3.3\bin
USERNAME=nexu770
OS=Windows_NT
PROCESSOR_IDENTIFIER=Intel64 Family 6 Model 69 Stepping 1, GenuineIntel



---------------  S Y S T E M  ---------------

OS: Windows 8.1 , 64 bit Build 9600 

CPU:total 4 (2 cores per cpu, 2 threads per core) family 6 model 69 stepping 1, cmov, cx8, fxsr, mmx, sse, sse2, sse3, ssse3, sse4.1, sse4.2, popcnt, avx, avx2, aes, erms, ht, tsc, tscinvbit

Memory: 4k page, physical 8268908k(1562064k free), swap 9987040k(5728k free)

vm_info: Java HotSpot(TM) 64-Bit Server VM (24.65-b04) for windows-amd64 JRE (1.7.0_67-b01), built on Jul 25 2014 08:55:00 by "java_re" with unknown MS VC++:1600

time: Tue Oct 13 14:40:58 2015
elapsed time: 34 seconds

